Flow report for CS141L
Wed Feb 18 03:53:36 2015
Quartus II 64-Bit Version 14.1.0 Build 186 12/03/2014 SJ Web Edition


---------------------
; Table of Contents ;
---------------------
  1. Legal Notice
  2. Flow Summary
  3. Flow Settings
  4. Flow Non-Default Global Settings
  5. Flow Elapsed Time
  6. Flow OS Summary
  7. Flow Log
  8. Flow Messages
  9. Flow Suppressed Messages



----------------
; Legal Notice ;
----------------
Copyright (C) 1991-2014 Altera Corporation. All rights reserved.
Your use of Altera Corporation's design tools, logic functions 
and other software and tools, and its AMPP partner logic 
functions, and any output files from any of the foregoing 
(including device programming or simulation files), and any 
associated documentation or information are expressly subject 
to the terms and conditions of the Altera Program License 
Subscription Agreement, the Altera Quartus II License Agreement,
the Altera MegaCore Function License Agreement, or other 
applicable license agreement, including, without limitation, 
that your use is for the sole purpose of programming logic 
devices manufactured by Altera and sold by Altera or its 
authorized distributors.  Please refer to the applicable 
agreement for further details.



+---------------------------------------------------------------------------------+
; Flow Summary                                                                    ;
+------------------------------------+--------------------------------------------+
; Flow Status                        ; Successful - Wed Feb 18 03:53:36 2015      ;
; Quartus II 64-Bit Version          ; 14.1.0 Build 186 12/03/2014 SJ Web Edition ;
; Revision Name                      ; CS141L                                     ;
; Top-level Entity Name              ; CS141L                                     ;
; Family                             ; Cyclone IV E                               ;
; Device                             ; EP4CE115F29C7                              ;
; Timing Models                      ; Final                                      ;
; Total logic elements               ; 182 / 114,480 ( < 1 % )                    ;
;     Total combinational functions  ; 153 / 114,480 ( < 1 % )                    ;
;     Dedicated logic registers      ; 88 / 114,480 ( < 1 % )                     ;
; Total registers                    ; 88                                         ;
; Total pins                         ; 34 / 529 ( 6 % )                           ;
; Total virtual pins                 ; 0                                          ;
; Total memory bits                  ; 0 / 3,981,312 ( 0 % )                      ;
; Embedded Multiplier 9-bit elements ; 0 / 532 ( 0 % )                            ;
; Total PLLs                         ; 0 / 4 ( 0 % )                              ;
+------------------------------------+--------------------------------------------+


+-----------------------------------------+
; Flow Settings                           ;
+-------------------+---------------------+
; Option            ; Setting             ;
+-------------------+---------------------+
; Start date & time ; 02/18/2015 03:49:45 ;
; Main task         ; Compilation         ;
; Revision Name     ; CS141L              ;
+-------------------+---------------------+


+----------------------------------------------------------------------------------------------------------------------------+
; Flow Non-Default Global Settings                                                                                           ;
+-------------------------------------+---------------------------------------+---------------+-------------+----------------+
; Assignment Name                     ; Value                                 ; Default Value ; Entity Name ; Section Id     ;
+-------------------------------------+---------------------------------------+---------------+-------------+----------------+
; COMPILER_SIGNATURE_ID               ; 128527096592600.142426018510156       ; --            ; --          ; --             ;
; EDA_OUTPUT_DATA_FORMAT              ; Systemverilog Hdl                     ; --            ; --          ; eda_simulation ;
; EDA_RUN_TOOL_AUTOMATICALLY          ; Off                                   ; --            ; --          ; eda_simulation ;
; EDA_SIMULATION_TOOL                 ; ModelSim-Altera (SystemVerilog)       ; <None>        ; --          ; --             ;
; EDA_TIME_SCALE                      ; 1 ps                                  ; --            ; --          ; eda_simulation ;
; MAX_CORE_JUNCTION_TEMP              ; 85                                    ; --            ; --          ; --             ;
; MIN_CORE_JUNCTION_TEMP              ; 0                                     ; --            ; --          ; --             ;
; PARTITION_COLOR                     ; 16764057                              ; --            ; --          ; Top            ;
; PARTITION_FITTER_PRESERVATION_LEVEL ; PLACEMENT_AND_ROUTING                 ; --            ; --          ; Top            ;
; PARTITION_NETLIST_TYPE              ; SOURCE                                ; --            ; --          ; Top            ;
; POWER_BOARD_THERMAL_MODEL           ; None (CONSERVATIVE)                   ; --            ; --          ; --             ;
; POWER_PRESET_COOLING_SOLUTION       ; 23 MM HEAT SINK WITH 200 LFPM AIRFLOW ; --            ; --          ; --             ;
; USE_GENERATED_PHYSICAL_CONSTRAINTS  ; Off                                   ; --            ; --          ; eda_blast_fpga ;
+-------------------------------------+---------------------------------------+---------------+-------------+----------------+


+-------------------------------------------------------------------------------------------------------------------------------+
; Flow Elapsed Time                                                                                                             ;
+---------------------------+--------------+-------------------------+---------------------+------------------------------------+
; Module Name               ; Elapsed Time ; Average Processors Used ; Peak Virtual Memory ; Total CPU Time (on all processors) ;
+---------------------------+--------------+-------------------------+---------------------+------------------------------------+
; Analysis & Synthesis      ; 00:00:16     ; 1.0                     ; 597 MB              ; 00:00:37                           ;
; Fitter                    ; 00:01:37     ; 3.4                     ; 1625 MB             ; 00:01:50                           ;
; Assembler                 ; 00:00:06     ; 1.0                     ; 564 MB              ; 00:00:06                           ;
; TimeQuest Timing Analyzer ; 00:00:04     ; 3.0                     ; 727 MB              ; 00:00:05                           ;
; EDA Netlist Writer        ; 00:00:01     ; 1.0                     ; 534 MB              ; 00:00:02                           ;
; EDA Netlist Writer        ; 00:00:01     ; 1.0                     ; 523 MB              ; 00:00:01                           ;
; EDA Netlist Writer        ; 00:00:01     ; 1.0                     ; 527 MB              ; 00:00:01                           ;
; EDA Netlist Writer        ; 00:00:02     ; 1.0                     ; 523 MB              ; 00:00:01                           ;
; EDA Netlist Writer        ; 00:00:01     ; 1.0                     ; 527 MB              ; 00:00:01                           ;
; Total                     ; 00:02:09     ; --                      ; --                  ; 00:02:44                           ;
+---------------------------+--------------+-------------------------+---------------------+------------------------------------+


+----------------------------------------------------------------------------------------+
; Flow OS Summary                                                                        ;
+---------------------------+------------------+-----------+------------+----------------+
; Module Name               ; Machine Hostname ; OS Name   ; OS Version ; Processor type ;
+---------------------------+------------------+-----------+------------+----------------+
; Analysis & Synthesis      ; Minh-PC          ; Windows 7 ; 6.1        ; x86_64         ;
; Fitter                    ; Minh-PC          ; Windows 7 ; 6.1        ; x86_64         ;
; Assembler                 ; Minh-PC          ; Windows 7 ; 6.1        ; x86_64         ;
; TimeQuest Timing Analyzer ; Minh-PC          ; Windows 7 ; 6.1        ; x86_64         ;
; EDA Netlist Writer        ; Minh-PC          ; Windows 7 ; 6.1        ; x86_64         ;
; EDA Netlist Writer        ; Minh-PC          ; Windows 7 ; 6.1        ; x86_64         ;
; EDA Netlist Writer        ; Minh-PC          ; Windows 7 ; 6.1        ; x86_64         ;
; EDA Netlist Writer        ; Minh-PC          ; Windows 7 ; 6.1        ; x86_64         ;
; EDA Netlist Writer        ; Minh-PC          ; Windows 7 ; 6.1        ; x86_64         ;
+---------------------------+------------------+-----------+------------+----------------+


------------
; Flow Log ;
------------
quartus_map --read_settings_files=on --write_settings_files=off CS141L -c CS141L
quartus_fit --read_settings_files=off --write_settings_files=off CS141L -c CS141L
quartus_asm --read_settings_files=off --write_settings_files=off CS141L -c CS141L
quartus_sta CS141L -c CS141L
quartus_eda --read_settings_files=off --write_settings_files=off CS141L -c CS141L
quartus_eda --gen_testbench --check_outputs=on --tool=modelsim_oem --format=verilog --write_settings_files=off CS141L -c CS141L --vector_source=C:/Users/Minh/Documents/GitHub/CS141L/Project3/Waveform7.vwf --testbench_file=C:/Users/Minh/Documents/GitHub/CS141L/Project3/simulation/qsim/Waveform7.vwf.vt
quartus_eda --write_settings_files=off --functional=on --flatten_buses=off --simulation=on --tool=modelsim_oem --format=verilog --output_directory=C:/Users/Minh/Documents/GitHub/CS141L/Project3/simulation/qsim/ CS141L -c CS141L
quartus_eda --gen_testbench --check_outputs=on --tool=modelsim_oem --format=verilog --write_settings_files=off CS141L -c CS141L --vector_source=C:/Users/Minh/Documents/GitHub/CS141L/Project3/Waveform9.vwf --testbench_file=C:/Users/Minh/Documents/GitHub/CS141L/Project3/simulation/qsim/Waveform9.vwf.vt
quartus_eda --write_settings_files=off --functional=on --flatten_buses=off --simulation=on --tool=modelsim_oem --format=verilog --output_directory=C:/Users/Minh/Documents/GitHub/CS141L/Project3/simulation/qsim/ CS141L -c CS141L



