Analysis & Synthesis report for CS141L
Thu Feb 26 22:58:28 2015
Quartus II 64-Bit Version 14.1.0 Build 186 12/03/2014 SJ Web Edition


---------------------
; Table of Contents ;
---------------------
  1. Legal Notice
  2. Analysis & Synthesis Summary
  3. Analysis & Synthesis Settings
  4. Parallel Compilation
  5. Analysis & Synthesis Source Files Read
  6. Analysis & Synthesis Resource Usage Summary
  7. Analysis & Synthesis Resource Utilization by Entity
  8. Registers Removed During Synthesis
  9. Removed Registers Triggering Further Register Optimizations
 10. General Register Statistics
 11. Parameter Settings for User Entity Instance: testerROM:inst
 12. Parameter Settings for User Entity Instance: BUSMUX:bm3
 13. Parameter Settings for User Entity Instance: single_port_ram_with_init:inst5
 14. Parameter Settings for User Entity Instance: BUSMUX:bm1
 15. Parameter Settings for User Entity Instance: BUSMUX:bm2
 16. Post-Synthesis Netlist Statistics for Top Partition
 17. Elapsed Time Per Partition
 18. Analysis & Synthesis Messages



----------------
; Legal Notice ;
----------------
Copyright (C) 1991-2014 Altera Corporation. All rights reserved.
Your use of Altera Corporation's design tools, logic functions 
and other software and tools, and its AMPP partner logic 
functions, and any output files from any of the foregoing 
(including device programming or simulation files), and any 
associated documentation or information are expressly subject 
to the terms and conditions of the Altera Program License 
Subscription Agreement, the Altera Quartus II License Agreement,
the Altera MegaCore Function License Agreement, or other 
applicable license agreement, including, without limitation, 
that your use is for the sole purpose of programming logic 
devices manufactured by Altera and sold by Altera or its 
authorized distributors.  Please refer to the applicable 
agreement for further details.



+---------------------------------------------------------------------------------+
; Analysis & Synthesis Summary                                                    ;
+------------------------------------+--------------------------------------------+
; Analysis & Synthesis Status        ; Successful - Thu Feb 26 22:58:28 2015      ;
; Quartus II 64-Bit Version          ; 14.1.0 Build 186 12/03/2014 SJ Web Edition ;
; Revision Name                      ; CS141L                                     ;
; Top-level Entity Name              ; CS141L                                     ;
; Family                             ; Cyclone IV E                               ;
; Total logic elements               ; 113                                        ;
;     Total combinational functions  ; 105                                        ;
;     Dedicated logic registers      ; 32                                         ;
; Total registers                    ; 32                                         ;
; Total pins                         ; 113                                        ;
; Total virtual pins                 ; 0                                          ;
; Total memory bits                  ; 0                                          ;
; Embedded Multiplier 9-bit elements ; 0                                          ;
; Total PLLs                         ; 0                                          ;
+------------------------------------+--------------------------------------------+


+----------------------------------------------------------------------------------------------------------------------+
; Analysis & Synthesis Settings                                                                                        ;
+----------------------------------------------------------------------------+--------------------+--------------------+
; Option                                                                     ; Setting            ; Default Value      ;
+----------------------------------------------------------------------------+--------------------+--------------------+
; Device                                                                     ; EP4CE115F29C7      ;                    ;
; Top-level entity name                                                      ; CS141L             ; CS141L             ;
; Family name                                                                ; Cyclone IV E       ; Cyclone IV GX      ;
; Use smart compilation                                                      ; Off                ; Off                ;
; Enable parallel Assembler and TimeQuest Timing Analyzer during compilation ; On                 ; On                 ;
; Enable compact report table                                                ; Off                ; Off                ;
; Restructure Multiplexers                                                   ; Auto               ; Auto               ;
; Create Debugging Nodes for IP Cores                                        ; Off                ; Off                ;
; Preserve fewer node names                                                  ; On                 ; On                 ;
; Disable OpenCore Plus hardware evaluation                                  ; Off                ; Off                ;
; Verilog Version                                                            ; Verilog_2001       ; Verilog_2001       ;
; VHDL Version                                                               ; VHDL_1993          ; VHDL_1993          ;
; State Machine Processing                                                   ; Auto               ; Auto               ;
; Safe State Machine                                                         ; Off                ; Off                ;
; Extract Verilog State Machines                                             ; On                 ; On                 ;
; Extract VHDL State Machines                                                ; On                 ; On                 ;
; Ignore Verilog initial constructs                                          ; Off                ; Off                ;
; Iteration limit for constant Verilog loops                                 ; 5000               ; 5000               ;
; Iteration limit for non-constant Verilog loops                             ; 250                ; 250                ;
; Add Pass-Through Logic to Inferred RAMs                                    ; On                 ; On                 ;
; Infer RAMs from Raw Logic                                                  ; On                 ; On                 ;
; Parallel Synthesis                                                         ; Off                ; Off                ;
; DSP Block Balancing                                                        ; Auto               ; Auto               ;
; NOT Gate Push-Back                                                         ; On                 ; On                 ;
; Power-Up Don't Care                                                        ; On                 ; On                 ;
; Remove Redundant Logic Cells                                               ; Off                ; Off                ;
; Remove Duplicate Registers                                                 ; On                 ; On                 ;
; Ignore CARRY Buffers                                                       ; Off                ; Off                ;
; Ignore CASCADE Buffers                                                     ; Off                ; Off                ;
; Ignore GLOBAL Buffers                                                      ; Off                ; Off                ;
; Ignore ROW GLOBAL Buffers                                                  ; Off                ; Off                ;
; Ignore LCELL Buffers                                                       ; Off                ; Off                ;
; Ignore SOFT Buffers                                                        ; On                 ; On                 ;
; Limit AHDL Integers to 32 Bits                                             ; Off                ; Off                ;
; Optimization Technique                                                     ; Balanced           ; Balanced           ;
; Carry Chain Length                                                         ; 70                 ; 70                 ;
; Auto Carry Chains                                                          ; On                 ; On                 ;
; Auto Open-Drain Pins                                                       ; On                 ; On                 ;
; Perform WYSIWYG Primitive Resynthesis                                      ; Off                ; Off                ;
; Auto ROM Replacement                                                       ; On                 ; On                 ;
; Auto RAM Replacement                                                       ; On                 ; On                 ;
; Auto DSP Block Replacement                                                 ; On                 ; On                 ;
; Auto Shift Register Replacement                                            ; Auto               ; Auto               ;
; Allow Shift Register Merging across Hierarchies                            ; Auto               ; Auto               ;
; Auto Clock Enable Replacement                                              ; On                 ; On                 ;
; Strict RAM Replacement                                                     ; Off                ; Off                ;
; Allow Synchronous Control Signals                                          ; On                 ; On                 ;
; Force Use of Synchronous Clear Signals                                     ; Off                ; Off                ;
; Auto RAM Block Balancing                                                   ; On                 ; On                 ;
; Auto RAM to Logic Cell Conversion                                          ; Off                ; Off                ;
; Auto Resource Sharing                                                      ; Off                ; Off                ;
; Allow Any RAM Size For Recognition                                         ; Off                ; Off                ;
; Allow Any ROM Size For Recognition                                         ; Off                ; Off                ;
; Allow Any Shift Register Size For Recognition                              ; Off                ; Off                ;
; Use LogicLock Constraints during Resource Balancing                        ; On                 ; On                 ;
; Ignore translate_off and synthesis_off directives                          ; Off                ; Off                ;
; Timing-Driven Synthesis                                                    ; Off                ; Off                ;
; Report Parameter Settings                                                  ; On                 ; On                 ;
; Report Source Assignments                                                  ; On                 ; On                 ;
; Report Connectivity Checks                                                 ; On                 ; On                 ;
; Ignore Maximum Fan-Out Assignments                                         ; Off                ; Off                ;
; Synchronization Register Chain Length                                      ; 2                  ; 2                  ;
; PowerPlay Power Optimization During Synthesis                              ; Normal compilation ; Normal compilation ;
; HDL message level                                                          ; Level2             ; Level2             ;
; Suppress Register Optimization Related Messages                            ; Off                ; Off                ;
; Number of Removed Registers Reported in Synthesis Report                   ; 5000               ; 5000               ;
; Number of Swept Nodes Reported in Synthesis Report                         ; 5000               ; 5000               ;
; Number of Inverted Registers Reported in Synthesis Report                  ; 100                ; 100                ;
; Clock MUX Protection                                                       ; On                 ; On                 ;
; Auto Gated Clock Conversion                                                ; Off                ; Off                ;
; Block Design Naming                                                        ; Auto               ; Auto               ;
; SDC constraint protection                                                  ; Off                ; Off                ;
; Synthesis Effort                                                           ; Auto               ; Auto               ;
; Shift Register Replacement - Allow Asynchronous Clear Signal               ; On                 ; On                 ;
; Pre-Mapping Resynthesis Optimization                                       ; Off                ; Off                ;
; Analysis & Synthesis Message Level                                         ; Medium             ; Medium             ;
; Disable Register Merging Across Hierarchies                                ; Auto               ; Auto               ;
; Resource Aware Inference For Block RAM                                     ; On                 ; On                 ;
; Synthesis Seed                                                             ; 1                  ; 1                  ;
+----------------------------------------------------------------------------+--------------------+--------------------+


+------------------------------------------+
; Parallel Compilation                     ;
+----------------------------+-------------+
; Processors                 ; Number      ;
+----------------------------+-------------+
; Number detected on machine ; 8           ;
; Maximum allowed            ; 4           ;
;                            ;             ;
; Average used               ; 1.00        ;
; Maximum used               ; 1           ;
;                            ;             ;
; Usage by Processor         ; % Time Used ;
;     Processor 1            ; 100.0%      ;
;     Processors 2-8         ;   0.0%      ;
+----------------------------+-------------+


+----------------------------------------------------------------------------------------------------------------------------------------------------------------------------------+
; Analysis & Synthesis Source Files Read                                                                                                                                           ;
+----------------------------------+-----------------+------------------------------------+------------------------------------------------------------------------------+---------+
; File Name with User-Entered Path ; Used in Netlist ; File Type                          ; File Name with Absolute Path                                                 ; Library ;
+----------------------------------+-----------------+------------------------------------+------------------------------------------------------------------------------+---------+
; regfile32x8.sv                   ; yes             ; User SystemVerilog HDL File        ; C:/Users/Minh/Documents/GitHub/CS141L/Project 4A/regfile32x8.sv              ;         ;
; CS141L.bdf                       ; yes             ; User Block Diagram/Schematic File  ; C:/Users/Minh/Documents/GitHub/CS141L/Project 4A/CS141L.bdf                  ;         ;
; alu.sv                           ; yes             ; User SystemVerilog HDL File        ; C:/Users/Minh/Documents/GitHub/CS141L/Project 4A/alu.sv                      ;         ;
; program_counter_logic.sv         ; yes             ; User SystemVerilog HDL File        ; C:/Users/Minh/Documents/GitHub/CS141L/Project 4A/program_counter_logic.sv    ;         ;
; testerROM.sv                     ; yes             ; User SystemVerilog HDL File        ; C:/Users/Minh/Documents/GitHub/CS141L/Project 4A/testerROM.sv                ;         ;
; instructionDecode.sv             ; yes             ; User SystemVerilog HDL File        ; C:/Users/Minh/Documents/GitHub/CS141L/Project 4A/instructionDecode.sv        ;         ;
; single_port_ram_with_init.v      ; yes             ; User Verilog HDL File              ; C:/Users/Minh/Documents/GitHub/CS141L/Project 4A/single_port_ram_with_init.v ;         ;
; IF_ID.sv                         ; yes             ; User SystemVerilog HDL File        ; C:/Users/Minh/Documents/GitHub/CS141L/Project 4A/IF_ID.sv                    ;         ;
; M_WB.sv                          ; yes             ; User SystemVerilog HDL File        ; C:/Users/Minh/Documents/GitHub/CS141L/Project 4A/M_WB.sv                     ;         ;
; REG_ALU.sv                       ; yes             ; User SystemVerilog HDL File        ; C:/Users/Minh/Documents/GitHub/CS141L/Project 4A/REG_ALU.sv                  ;         ;
; ALU_M.sv                         ; yes             ; User SystemVerilog HDL File        ; C:/Users/Minh/Documents/GitHub/CS141L/Project 4A/ALU_M.sv                    ;         ;
; 21mux.bdf                        ; yes             ; Megafunction                       ; c:/altera/14.1/quartus/libraries/others/maxplus2/21mux.bdf                   ;         ;
; busmux.tdf                       ; yes             ; Megafunction                       ; c:/altera/14.1/quartus/libraries/megafunctions/busmux.tdf                    ;         ;
; lpm_mux.inc                      ; yes             ; Megafunction                       ; c:/altera/14.1/quartus/libraries/megafunctions/lpm_mux.inc                   ;         ;
; lpm_mux.tdf                      ; yes             ; Megafunction                       ; c:/altera/14.1/quartus/libraries/megafunctions/lpm_mux.tdf                   ;         ;
; aglobal141.inc                   ; yes             ; Megafunction                       ; c:/altera/14.1/quartus/libraries/megafunctions/aglobal141.inc                ;         ;
; muxlut.inc                       ; yes             ; Megafunction                       ; c:/altera/14.1/quartus/libraries/megafunctions/muxlut.inc                    ;         ;
; bypassff.inc                     ; yes             ; Megafunction                       ; c:/altera/14.1/quartus/libraries/megafunctions/bypassff.inc                  ;         ;
; altshift.inc                     ; yes             ; Megafunction                       ; c:/altera/14.1/quartus/libraries/megafunctions/altshift.inc                  ;         ;
; db/mux_erc.tdf                   ; yes             ; Auto-Generated Megafunction        ; C:/Users/Minh/Documents/GitHub/CS141L/Project 4A/db/mux_erc.tdf              ;         ;
+----------------------------------+-----------------+------------------------------------+------------------------------------------------------------------------------+---------+


+--------------------------------------------------------------------------+
; Analysis & Synthesis Resource Usage Summary                              ;
+---------------------------------------------+----------------------------+
; Resource                                    ; Usage                      ;
+---------------------------------------------+----------------------------+
; Estimated Total logic elements              ; 113                        ;
;                                             ;                            ;
; Total combinational functions               ; 105                        ;
; Logic element usage by number of LUT inputs ;                            ;
;     -- 4 input functions                    ; 73                         ;
;     -- 3 input functions                    ; 8                          ;
;     -- <=2 input functions                  ; 24                         ;
;                                             ;                            ;
; Logic elements by mode                      ;                            ;
;     -- normal mode                          ; 84                         ;
;     -- arithmetic mode                      ; 21                         ;
;                                             ;                            ;
; Total registers                             ; 32                         ;
;     -- Dedicated logic registers            ; 32                         ;
;     -- I/O registers                        ; 0                          ;
;                                             ;                            ;
; I/O pins                                    ; 113                        ;
;                                             ;                            ;
; Embedded Multiplier 9-bit elements          ; 0                          ;
;                                             ;                            ;
; Maximum fan-out node                        ; testerROM:inst|addr_reg[1] ;
; Maximum fan-out                             ; 41                         ;
; Total fan-out                               ; 588                        ;
; Average fan-out                             ; 1.62                       ;
+---------------------------------------------+----------------------------+


+---------------------------------------------------------------------------------------------------------------------------------------------------------------------------------------------------+
; Analysis & Synthesis Resource Utilization by Entity                                                                                                                                               ;
+----------------------------------+-------------------+--------------+-------------+--------------+---------+-----------+------+--------------+-------------------------------------+--------------+
; Compilation Hierarchy Node       ; LC Combinationals ; LC Registers ; Memory Bits ; DSP Elements ; DSP 9x9 ; DSP 18x18 ; Pins ; Virtual Pins ; Full Hierarchy Name                 ; Library Name ;
+----------------------------------+-------------------+--------------+-------------+--------------+---------+-----------+------+--------------+-------------------------------------+--------------+
; |CS141L                          ; 105 (0)           ; 32 (0)       ; 0           ; 0            ; 0       ; 0         ; 113  ; 0            ; |CS141L                             ; work         ;
;    |program_counter_logic:inst2| ; 24 (24)           ; 24 (24)      ; 0           ; 0            ; 0       ; 0         ; 0    ; 0            ; |CS141L|program_counter_logic:inst2 ; work         ;
;    |testerROM:inst|              ; 81 (81)           ; 8 (8)        ; 0           ; 0            ; 0       ; 0         ; 0    ; 0            ; |CS141L|testerROM:inst              ; work         ;
+----------------------------------+-------------------+--------------+-------------+--------------+---------+-----------+------+--------------+-------------------------------------+--------------+
Note: For table entries with two numbers listed, the numbers in parentheses indicate the number of resources of the given type used by the specific entity alone. The numbers listed outside of parentheses indicate the total resources of the given type used by the specific entity and all of its sub-entities in the hierarchy.


+----------------------------------------------------------------------------------------------+
; Registers Removed During Synthesis                                                           ;
+------------------------------------------------+---------------------------------------------+
; Register name                                  ; Reason for Removal                          ;
+------------------------------------------------+---------------------------------------------+
; ALU_M:inst14|clkOut                            ; Stuck at VCC due to stuck port data_in      ;
; M_WB:inst1|qOut[0..7]                          ; Stuck at GND due to stuck port clock        ;
; M_WB:inst1|resultOut[0]                        ; Stuck at GND due to stuck port clock        ;
; ALU_M:inst14|ALUResultOut[0]                   ; Lost fanout                                 ;
; M_WB:inst1|resultOut[1]                        ; Stuck at GND due to stuck port clock        ;
; ALU_M:inst14|ALUResultOut[1]                   ; Lost fanout                                 ;
; M_WB:inst1|resultOut[2]                        ; Stuck at GND due to stuck port clock        ;
; ALU_M:inst14|ALUResultOut[2]                   ; Lost fanout                                 ;
; M_WB:inst1|resultOut[3]                        ; Stuck at GND due to stuck port clock        ;
; ALU_M:inst14|ALUResultOut[3]                   ; Lost fanout                                 ;
; M_WB:inst1|resultOut[4]                        ; Stuck at GND due to stuck port clock        ;
; ALU_M:inst14|ALUResultOut[4]                   ; Lost fanout                                 ;
; M_WB:inst1|resultOut[5]                        ; Stuck at GND due to stuck port clock        ;
; ALU_M:inst14|ALUResultOut[5]                   ; Lost fanout                                 ;
; M_WB:inst1|resultOut[6]                        ; Stuck at GND due to stuck port clock        ;
; ALU_M:inst14|ALUResultOut[6]                   ; Lost fanout                                 ;
; M_WB:inst1|resultOut[7]                        ; Stuck at GND due to stuck port clock        ;
; ALU_M:inst14|ALUResultOut[7]                   ; Lost fanout                                 ;
; M_WB:inst1|readmemOut                          ; Stuck at GND due to stuck port clock        ;
; ALU_M:inst14|readMemFlagOut                    ; Lost fanout                                 ;
; REG_ALU:inst11|readMemFlagOut                  ; Lost fanout                                 ;
; instructionDecode:inst8|readmem                ; Lost fanout                                 ;
; M_WB:inst1|labelflagOut                        ; Stuck at GND due to stuck port clock        ;
; ALU_M:inst14|labelFlagOut                      ; Lost fanout                                 ;
; REG_ALU:inst11|labelFlagOut                    ; Lost fanout                                 ;
; M_WB:inst1|labelValueOut[0]                    ; Stuck at GND due to stuck port clock        ;
; ALU_M:inst14|labelValueOut[0]                  ; Lost fanout                                 ;
; REG_ALU:inst11|labelValueOut[0]                ; Lost fanout                                 ;
; instructionDecode:inst8|labelValue[0]          ; Lost fanout                                 ;
; IF_ID:inst10|pcOut[0]                          ; Lost fanout                                 ;
; M_WB:inst1|labelValueOut[1]                    ; Stuck at GND due to stuck port clock        ;
; ALU_M:inst14|labelValueOut[1]                  ; Lost fanout                                 ;
; REG_ALU:inst11|labelValueOut[1]                ; Lost fanout                                 ;
; instructionDecode:inst8|labelValue[1]          ; Lost fanout                                 ;
; IF_ID:inst10|pcOut[1]                          ; Lost fanout                                 ;
; M_WB:inst1|labelValueOut[2]                    ; Stuck at GND due to stuck port clock        ;
; ALU_M:inst14|labelValueOut[2]                  ; Lost fanout                                 ;
; REG_ALU:inst11|labelValueOut[2]                ; Lost fanout                                 ;
; instructionDecode:inst8|labelValue[2]          ; Lost fanout                                 ;
; IF_ID:inst10|pcOut[2]                          ; Lost fanout                                 ;
; M_WB:inst1|labelValueOut[3]                    ; Stuck at GND due to stuck port clock        ;
; ALU_M:inst14|labelValueOut[3]                  ; Lost fanout                                 ;
; REG_ALU:inst11|labelValueOut[3]                ; Lost fanout                                 ;
; instructionDecode:inst8|labelValue[3]          ; Lost fanout                                 ;
; IF_ID:inst10|pcOut[3]                          ; Lost fanout                                 ;
; M_WB:inst1|labelValueOut[4]                    ; Stuck at GND due to stuck port clock        ;
; ALU_M:inst14|labelValueOut[4]                  ; Lost fanout                                 ;
; REG_ALU:inst11|labelValueOut[4]                ; Lost fanout                                 ;
; instructionDecode:inst8|labelValue[4]          ; Lost fanout                                 ;
; IF_ID:inst10|pcOut[4]                          ; Lost fanout                                 ;
; M_WB:inst1|labelValueOut[5]                    ; Stuck at GND due to stuck port clock        ;
; ALU_M:inst14|labelValueOut[5]                  ; Lost fanout                                 ;
; REG_ALU:inst11|labelValueOut[5]                ; Lost fanout                                 ;
; instructionDecode:inst8|labelValue[5]          ; Lost fanout                                 ;
; IF_ID:inst10|pcOut[5]                          ; Lost fanout                                 ;
; M_WB:inst1|labelValueOut[6]                    ; Stuck at GND due to stuck port clock        ;
; ALU_M:inst14|labelValueOut[6]                  ; Lost fanout                                 ;
; REG_ALU:inst11|labelValueOut[6]                ; Lost fanout                                 ;
; instructionDecode:inst8|labelValue[6]          ; Lost fanout                                 ;
; IF_ID:inst10|pcOut[6]                          ; Lost fanout                                 ;
; M_WB:inst1|labelValueOut[7]                    ; Stuck at GND due to stuck port clock        ;
; ALU_M:inst14|labelValueOut[7]                  ; Lost fanout                                 ;
; REG_ALU:inst11|labelValueOut[7]                ; Lost fanout                                 ;
; instructionDecode:inst8|labelValue[7]          ; Lost fanout                                 ;
; IF_ID:inst10|pcOut[7]                          ; Lost fanout                                 ;
; M_WB:inst1|clkOut                              ; Stuck at GND due to stuck port clock        ;
; REG_ALU:inst11|clkOut                          ; Stuck at VCC due to stuck port data_in      ;
; IF_ID:inst10|clkOut                            ; Stuck at VCC due to stuck port data_in      ;
; instructionDecode:inst8|haltFlag               ; Stuck at GND due to stuck port clock        ;
; instructionDecode:inst8|writemem               ; Stuck at GND due to stuck port clock        ;
; instructionDecode:inst8|regwrite               ; Stuck at GND due to stuck port clock        ;
; instructionDecode:inst8|rs[0..3]               ; Stuck at GND due to stuck port clock        ;
; instructionDecode:inst8|rt[0..3]               ; Stuck at GND due to stuck port clock        ;
; instructionDecode:inst8|rd[0..3]               ; Stuck at GND due to stuck port clock        ;
; instructionDecode:inst8|outputPCResetFlag      ; Stuck at GND due to stuck port clock        ;
; instructionDecode:inst8|labelPassFlagOut       ; Stuck at GND due to stuck port clock        ;
; instructionDecode:inst8|signFlag               ; Stuck at GND due to stuck port clock        ;
; instructionDecode:inst8|immediateFlag          ; Stuck at GND due to stuck port clock        ;
; instructionDecode:inst8|branchFlag             ; Stuck at GND due to stuck port clock        ;
; instructionDecode:inst8|labelFlag              ; Stuck at GND due to stuck port clock        ;
; instructionDecode:inst8|value[0]               ; Stuck at GND due to stuck port clock        ;
; IF_ID:inst10|instructionOut[0..3]              ; Lost fanout                                 ;
; instructionDecode:inst8|value[1..7]            ; Stuck at GND due to stuck port clock        ;
; instructionDecode:inst8|opcode[0..3]           ; Stuck at GND due to stuck port clock        ;
; IF_ID:inst10|instructionOut[4..7]              ; Lost fanout                                 ;
; IF_ID:inst10|labelPassFlagOut                  ; Lost fanout                                 ;
; single_port_ram_with_init:inst5|addr_reg[0..7] ; Stuck at GND due to stuck port clock        ;
; ALU_M:inst14|regBOut[0..7]                     ; Stuck at GND due to stuck port clock        ;
; ALU_M:inst14|regAOut[0..7]                     ; Stuck at GND due to stuck port clock        ;
; ALU_M:inst14|writeMemFlagOut                   ; Stuck at GND due to stuck port clock        ;
; REG_ALU:inst11|writeMemFlagOut                 ; Lost fanout                                 ;
; regfile32x8:inst9|branchAddress[0..7]          ; Stuck at GND due to stuck port clock_enable ;
; regfile32x8:inst9|regfile[15][0]               ; Stuck at GND due to stuck port clock        ;
; regfile32x8:inst9|regfile[15][1]               ; Stuck at GND due to stuck port clock        ;
; regfile32x8:inst9|regfile[15][2]               ; Stuck at GND due to stuck port clock        ;
; regfile32x8:inst9|regfile[15][3]               ; Stuck at GND due to stuck port clock        ;
; regfile32x8:inst9|regfile[15][4]               ; Stuck at GND due to stuck port clock        ;
; regfile32x8:inst9|regfile[15][5]               ; Stuck at GND due to stuck port clock        ;
; regfile32x8:inst9|regfile[15][6]               ; Stuck at GND due to stuck port clock        ;
; regfile32x8:inst9|regfile[15][7]               ; Stuck at GND due to stuck port clock        ;
; regfile32x8:inst9|regfile[14][0]               ; Stuck at GND due to stuck port clock        ;
; regfile32x8:inst9|regfile[14][1]               ; Stuck at GND due to stuck port clock        ;
; regfile32x8:inst9|regfile[14][2]               ; Stuck at GND due to stuck port clock        ;
; regfile32x8:inst9|regfile[14][3]               ; Stuck at GND due to stuck port clock        ;
; regfile32x8:inst9|regfile[14][4]               ; Stuck at GND due to stuck port clock        ;
; regfile32x8:inst9|regfile[14][5]               ; Stuck at GND due to stuck port clock        ;
; regfile32x8:inst9|regfile[14][6]               ; Stuck at GND due to stuck port clock        ;
; regfile32x8:inst9|regfile[14][7]               ; Stuck at GND due to stuck port clock        ;
; regfile32x8:inst9|regfile[13][0]               ; Stuck at GND due to stuck port clock        ;
; regfile32x8:inst9|regfile[13][1]               ; Stuck at GND due to stuck port clock        ;
; regfile32x8:inst9|regfile[13][2]               ; Stuck at GND due to stuck port clock        ;
; regfile32x8:inst9|regfile[13][3]               ; Stuck at GND due to stuck port clock        ;
; regfile32x8:inst9|regfile[13][4]               ; Stuck at GND due to stuck port clock        ;
; regfile32x8:inst9|regfile[13][5]               ; Stuck at GND due to stuck port clock        ;
; regfile32x8:inst9|regfile[13][6]               ; Stuck at GND due to stuck port clock        ;
; regfile32x8:inst9|regfile[13][7]               ; Stuck at GND due to stuck port clock        ;
; regfile32x8:inst9|regfile[12][0]               ; Stuck at GND due to stuck port clock        ;
; regfile32x8:inst9|regfile[12][1]               ; Stuck at GND due to stuck port clock        ;
; regfile32x8:inst9|regfile[12][2]               ; Stuck at GND due to stuck port clock        ;
; regfile32x8:inst9|regfile[12][3]               ; Stuck at GND due to stuck port clock        ;
; regfile32x8:inst9|regfile[12][4]               ; Stuck at GND due to stuck port clock        ;
; regfile32x8:inst9|regfile[12][5]               ; Stuck at GND due to stuck port clock        ;
; regfile32x8:inst9|regfile[12][6]               ; Stuck at GND due to stuck port clock        ;
; regfile32x8:inst9|regfile[12][7]               ; Stuck at GND due to stuck port clock        ;
; regfile32x8:inst9|regfile[11][0]               ; Stuck at GND due to stuck port clock        ;
; regfile32x8:inst9|regfile[11][1]               ; Stuck at GND due to stuck port clock        ;
; regfile32x8:inst9|regfile[11][2]               ; Stuck at GND due to stuck port clock        ;
; regfile32x8:inst9|regfile[11][3]               ; Stuck at GND due to stuck port clock        ;
; regfile32x8:inst9|regfile[11][4]               ; Stuck at GND due to stuck port clock        ;
; regfile32x8:inst9|regfile[11][5]               ; Stuck at GND due to stuck port clock        ;
; regfile32x8:inst9|regfile[11][6]               ; Stuck at GND due to stuck port clock        ;
; regfile32x8:inst9|regfile[11][7]               ; Stuck at GND due to stuck port clock        ;
; regfile32x8:inst9|regfile[10][0]               ; Stuck at GND due to stuck port clock        ;
; regfile32x8:inst9|regfile[10][1]               ; Stuck at GND due to stuck port clock        ;
; regfile32x8:inst9|regfile[10][2]               ; Stuck at GND due to stuck port clock        ;
; regfile32x8:inst9|regfile[10][3]               ; Stuck at GND due to stuck port clock        ;
; regfile32x8:inst9|regfile[10][4]               ; Stuck at GND due to stuck port clock        ;
; regfile32x8:inst9|regfile[10][5]               ; Stuck at GND due to stuck port clock        ;
; regfile32x8:inst9|regfile[10][6]               ; Stuck at GND due to stuck port clock        ;
; regfile32x8:inst9|regfile[10][7]               ; Stuck at GND due to stuck port clock        ;
; regfile32x8:inst9|regfile[9][0]                ; Stuck at GND due to stuck port clock        ;
; regfile32x8:inst9|regfile[9][1]                ; Stuck at GND due to stuck port clock        ;
; regfile32x8:inst9|regfile[9][2]                ; Stuck at GND due to stuck port clock        ;
; regfile32x8:inst9|regfile[9][3]                ; Stuck at GND due to stuck port clock        ;
; regfile32x8:inst9|regfile[9][4]                ; Stuck at GND due to stuck port clock        ;
; regfile32x8:inst9|regfile[9][5]                ; Stuck at GND due to stuck port clock        ;
; regfile32x8:inst9|regfile[9][6]                ; Stuck at GND due to stuck port clock        ;
; regfile32x8:inst9|regfile[9][7]                ; Stuck at GND due to stuck port clock        ;
; regfile32x8:inst9|regfile[8][0]                ; Stuck at GND due to stuck port clock        ;
; regfile32x8:inst9|regfile[8][1]                ; Stuck at GND due to stuck port clock        ;
; regfile32x8:inst9|regfile[8][2]                ; Stuck at GND due to stuck port clock        ;
; regfile32x8:inst9|regfile[8][3]                ; Stuck at GND due to stuck port clock        ;
; regfile32x8:inst9|regfile[8][4]                ; Stuck at GND due to stuck port clock        ;
; regfile32x8:inst9|regfile[8][5]                ; Stuck at GND due to stuck port clock        ;
; regfile32x8:inst9|regfile[8][6]                ; Stuck at GND due to stuck port clock        ;
; regfile32x8:inst9|regfile[8][7]                ; Stuck at GND due to stuck port clock        ;
; regfile32x8:inst9|regfile[7][0]                ; Stuck at GND due to stuck port clock        ;
; regfile32x8:inst9|regfile[7][1]                ; Stuck at GND due to stuck port clock        ;
; regfile32x8:inst9|regfile[7][2]                ; Stuck at GND due to stuck port clock        ;
; regfile32x8:inst9|regfile[7][3]                ; Stuck at GND due to stuck port clock        ;
; regfile32x8:inst9|regfile[7][4]                ; Stuck at GND due to stuck port clock        ;
; regfile32x8:inst9|regfile[7][5]                ; Stuck at GND due to stuck port clock        ;
; regfile32x8:inst9|regfile[7][6]                ; Stuck at GND due to stuck port clock        ;
; regfile32x8:inst9|regfile[7][7]                ; Stuck at GND due to stuck port clock        ;
; regfile32x8:inst9|regfile[6][0]                ; Stuck at GND due to stuck port clock        ;
; regfile32x8:inst9|regfile[6][1]                ; Stuck at GND due to stuck port clock        ;
; regfile32x8:inst9|regfile[6][2]                ; Stuck at GND due to stuck port clock        ;
; regfile32x8:inst9|regfile[6][3]                ; Stuck at GND due to stuck port clock        ;
; regfile32x8:inst9|regfile[6][4]                ; Stuck at GND due to stuck port clock        ;
; regfile32x8:inst9|regfile[6][5]                ; Stuck at GND due to stuck port clock        ;
; regfile32x8:inst9|regfile[6][6]                ; Stuck at GND due to stuck port clock        ;
; regfile32x8:inst9|regfile[6][7]                ; Stuck at GND due to stuck port clock        ;
; regfile32x8:inst9|regfile[5][0]                ; Stuck at GND due to stuck port clock        ;
; regfile32x8:inst9|regfile[5][1]                ; Stuck at GND due to stuck port clock        ;
; regfile32x8:inst9|regfile[5][2]                ; Stuck at GND due to stuck port clock        ;
; regfile32x8:inst9|regfile[5][3]                ; Stuck at GND due to stuck port clock        ;
; regfile32x8:inst9|regfile[5][4]                ; Stuck at GND due to stuck port clock        ;
; regfile32x8:inst9|regfile[5][5]                ; Stuck at GND due to stuck port clock        ;
; regfile32x8:inst9|regfile[5][6]                ; Stuck at GND due to stuck port clock        ;
; regfile32x8:inst9|regfile[5][7]                ; Stuck at GND due to stuck port clock        ;
; regfile32x8:inst9|regfile[4][0]                ; Stuck at GND due to stuck port clock        ;
; regfile32x8:inst9|regfile[4][1]                ; Stuck at GND due to stuck port clock        ;
; regfile32x8:inst9|regfile[4][2]                ; Stuck at GND due to stuck port clock        ;
; regfile32x8:inst9|regfile[4][3]                ; Stuck at GND due to stuck port clock        ;
; regfile32x8:inst9|regfile[4][4]                ; Stuck at GND due to stuck port clock        ;
; regfile32x8:inst9|regfile[4][5]                ; Stuck at GND due to stuck port clock        ;
; regfile32x8:inst9|regfile[4][6]                ; Stuck at GND due to stuck port clock        ;
; regfile32x8:inst9|regfile[4][7]                ; Stuck at GND due to stuck port clock        ;
; regfile32x8:inst9|regfile[3][0]                ; Stuck at GND due to stuck port clock        ;
; regfile32x8:inst9|regfile[3][1]                ; Stuck at GND due to stuck port clock        ;
; regfile32x8:inst9|regfile[3][2]                ; Stuck at GND due to stuck port clock        ;
; regfile32x8:inst9|regfile[3][3]                ; Stuck at GND due to stuck port clock        ;
; regfile32x8:inst9|regfile[3][4]                ; Stuck at GND due to stuck port clock        ;
; regfile32x8:inst9|regfile[3][5]                ; Stuck at GND due to stuck port clock        ;
; regfile32x8:inst9|regfile[3][6]                ; Stuck at GND due to stuck port clock        ;
; regfile32x8:inst9|regfile[3][7]                ; Stuck at GND due to stuck port clock        ;
; regfile32x8:inst9|regfile[2][0]                ; Stuck at GND due to stuck port clock        ;
; regfile32x8:inst9|regfile[2][1]                ; Stuck at GND due to stuck port clock        ;
; regfile32x8:inst9|regfile[2][2]                ; Stuck at GND due to stuck port clock        ;
; regfile32x8:inst9|regfile[2][3]                ; Stuck at GND due to stuck port clock        ;
; regfile32x8:inst9|regfile[2][4]                ; Stuck at GND due to stuck port clock        ;
; regfile32x8:inst9|regfile[2][5]                ; Stuck at GND due to stuck port clock        ;
; regfile32x8:inst9|regfile[2][6]                ; Stuck at GND due to stuck port clock        ;
; regfile32x8:inst9|regfile[2][7]                ; Stuck at GND due to stuck port clock        ;
; regfile32x8:inst9|regfile[1][0]                ; Stuck at GND due to stuck port clock        ;
; regfile32x8:inst9|regfile[1][1]                ; Stuck at GND due to stuck port clock        ;
; regfile32x8:inst9|regfile[1][2]                ; Stuck at GND due to stuck port clock        ;
; regfile32x8:inst9|regfile[1][3]                ; Stuck at GND due to stuck port clock        ;
; regfile32x8:inst9|regfile[1][4]                ; Stuck at GND due to stuck port clock        ;
; regfile32x8:inst9|regfile[1][5]                ; Stuck at GND due to stuck port clock        ;
; regfile32x8:inst9|regfile[1][6]                ; Stuck at GND due to stuck port clock        ;
; regfile32x8:inst9|regfile[1][7]                ; Stuck at GND due to stuck port clock        ;
; regfile32x8:inst9|regfile[0][0]                ; Stuck at GND due to stuck port clock        ;
; regfile32x8:inst9|regfile[0][1]                ; Stuck at GND due to stuck port clock        ;
; regfile32x8:inst9|regfile[0][2]                ; Stuck at GND due to stuck port clock        ;
; regfile32x8:inst9|regfile[0][3]                ; Stuck at GND due to stuck port clock        ;
; regfile32x8:inst9|regfile[0][4]                ; Stuck at GND due to stuck port clock        ;
; regfile32x8:inst9|regfile[0][5]                ; Stuck at GND due to stuck port clock        ;
; regfile32x8:inst9|regfile[0][6]                ; Stuck at GND due to stuck port clock        ;
; regfile32x8:inst9|regfile[0][7]                ; Stuck at GND due to stuck port clock        ;
; regfile32x8:inst9|regB[0..7]                   ; Stuck at GND due to stuck port clock        ;
; regfile32x8:inst9|regA[0..7]                   ; Stuck at GND due to stuck port clock        ;
; REG_ALU:inst11|regBOut[0..7]                   ; Stuck at GND due to stuck port clock        ;
; REG_ALU:inst11|signFlagOut                     ; Stuck at GND due to stuck port clock        ;
; REG_ALU:inst11|immediateFlagOut                ; Stuck at GND due to stuck port clock        ;
; REG_ALU:inst11|regAOut[0..7]                   ; Stuck at GND due to stuck port clock        ;
; REG_ALU:inst11|valueOut[0..7]                  ; Stuck at GND due to stuck port clock        ;
; REG_ALU:inst11|opcodeOut[0..3]                 ; Stuck at GND due to stuck port clock        ;
; Total Number of Removed Registers = 325        ;                                             ;
+------------------------------------------------+---------------------------------------------+


+-------------------------------------------------------------------------------------------------------------------------------------------+
; Removed Registers Triggering Further Register Optimizations                                                                               ;
+-----------------------+---------------------------+---------------------------------------------------------------------------------------+
; Register name         ; Reason for Removal        ; Registers Removed due to This Register                                                ;
+-----------------------+---------------------------+---------------------------------------------------------------------------------------+
; ALU_M:inst14|clkOut   ; Stuck at VCC              ; M_WB:inst1|qOut[0], M_WB:inst1|qOut[1], M_WB:inst1|qOut[2], M_WB:inst1|qOut[3],       ;
;                       ; due to stuck port data_in ; M_WB:inst1|qOut[4], M_WB:inst1|qOut[5], M_WB:inst1|qOut[6], M_WB:inst1|qOut[7],       ;
;                       ;                           ; M_WB:inst1|resultOut[0], ALU_M:inst14|ALUResultOut[0], M_WB:inst1|resultOut[1],       ;
;                       ;                           ; ALU_M:inst14|ALUResultOut[1], M_WB:inst1|resultOut[2], ALU_M:inst14|ALUResultOut[2],  ;
;                       ;                           ; M_WB:inst1|resultOut[3], ALU_M:inst14|ALUResultOut[3], M_WB:inst1|resultOut[4],       ;
;                       ;                           ; ALU_M:inst14|ALUResultOut[4], M_WB:inst1|resultOut[5], ALU_M:inst14|ALUResultOut[5],  ;
;                       ;                           ; M_WB:inst1|resultOut[6], ALU_M:inst14|ALUResultOut[6], M_WB:inst1|resultOut[7],       ;
;                       ;                           ; ALU_M:inst14|ALUResultOut[7], M_WB:inst1|readmemOut, ALU_M:inst14|readMemFlagOut,     ;
;                       ;                           ; REG_ALU:inst11|readMemFlagOut, instructionDecode:inst8|readmem,                       ;
;                       ;                           ; M_WB:inst1|labelflagOut, ALU_M:inst14|labelFlagOut, REG_ALU:inst11|labelFlagOut,      ;
;                       ;                           ; M_WB:inst1|labelValueOut[0], ALU_M:inst14|labelValueOut[0],                           ;
;                       ;                           ; REG_ALU:inst11|labelValueOut[0], instructionDecode:inst8|labelValue[0],               ;
;                       ;                           ; IF_ID:inst10|pcOut[0], M_WB:inst1|labelValueOut[1], ALU_M:inst14|labelValueOut[1],    ;
;                       ;                           ; REG_ALU:inst11|labelValueOut[1], instructionDecode:inst8|labelValue[1],               ;
;                       ;                           ; IF_ID:inst10|pcOut[1], M_WB:inst1|labelValueOut[2], ALU_M:inst14|labelValueOut[2],    ;
;                       ;                           ; REG_ALU:inst11|labelValueOut[2], instructionDecode:inst8|labelValue[2],               ;
;                       ;                           ; IF_ID:inst10|pcOut[2], M_WB:inst1|labelValueOut[3], ALU_M:inst14|labelValueOut[3],    ;
;                       ;                           ; REG_ALU:inst11|labelValueOut[3], instructionDecode:inst8|labelValue[3],               ;
;                       ;                           ; IF_ID:inst10|pcOut[3], M_WB:inst1|labelValueOut[4], ALU_M:inst14|labelValueOut[4],    ;
;                       ;                           ; REG_ALU:inst11|labelValueOut[4], instructionDecode:inst8|labelValue[4],               ;
;                       ;                           ; IF_ID:inst10|pcOut[4], M_WB:inst1|labelValueOut[5], ALU_M:inst14|labelValueOut[5],    ;
;                       ;                           ; REG_ALU:inst11|labelValueOut[5], instructionDecode:inst8|labelValue[5],               ;
;                       ;                           ; IF_ID:inst10|pcOut[5], M_WB:inst1|labelValueOut[6], ALU_M:inst14|labelValueOut[6],    ;
;                       ;                           ; REG_ALU:inst11|labelValueOut[6], instructionDecode:inst8|labelValue[6],               ;
;                       ;                           ; IF_ID:inst10|pcOut[6], M_WB:inst1|labelValueOut[7], ALU_M:inst14|labelValueOut[7],    ;
;                       ;                           ; REG_ALU:inst11|labelValueOut[7], instructionDecode:inst8|labelValue[7],               ;
;                       ;                           ; IF_ID:inst10|pcOut[7], M_WB:inst1|clkOut, IF_ID:inst10|instructionOut[6],             ;
;                       ;                           ; IF_ID:inst10|instructionOut[5], IF_ID:inst10|instructionOut[4],                       ;
;                       ;                           ; IF_ID:inst10|instructionOut[7], IF_ID:inst10|labelPassFlagOut,                        ;
;                       ;                           ; single_port_ram_with_init:inst5|addr_reg[0],                                          ;
;                       ;                           ; single_port_ram_with_init:inst5|addr_reg[1],                                          ;
;                       ;                           ; single_port_ram_with_init:inst5|addr_reg[2],                                          ;
;                       ;                           ; single_port_ram_with_init:inst5|addr_reg[3],                                          ;
;                       ;                           ; single_port_ram_with_init:inst5|addr_reg[4],                                          ;
;                       ;                           ; single_port_ram_with_init:inst5|addr_reg[5],                                          ;
;                       ;                           ; single_port_ram_with_init:inst5|addr_reg[6],                                          ;
;                       ;                           ; single_port_ram_with_init:inst5|addr_reg[7], ALU_M:inst14|regBOut[3],                 ;
;                       ;                           ; ALU_M:inst14|regBOut[4], ALU_M:inst14|regBOut[5], ALU_M:inst14|regBOut[6],            ;
;                       ;                           ; regfile32x8:inst9|branchAddress[0], regfile32x8:inst9|branchAddress[1],               ;
;                       ;                           ; regfile32x8:inst9|branchAddress[2], regfile32x8:inst9|branchAddress[3],               ;
;                       ;                           ; regfile32x8:inst9|branchAddress[4], regfile32x8:inst9|branchAddress[5],               ;
;                       ;                           ; regfile32x8:inst9|branchAddress[6], regfile32x8:inst9|regfile[15][0],                 ;
;                       ;                           ; regfile32x8:inst9|regfile[15][1], regfile32x8:inst9|regfile[15][2],                   ;
;                       ;                           ; regfile32x8:inst9|regfile[15][3], regfile32x8:inst9|regfile[15][4],                   ;
;                       ;                           ; regfile32x8:inst9|regfile[15][5], regfile32x8:inst9|regfile[15][6],                   ;
;                       ;                           ; regfile32x8:inst9|regfile[15][7], regfile32x8:inst9|regfile[14][0],                   ;
;                       ;                           ; regfile32x8:inst9|regfile[14][1], regfile32x8:inst9|regfile[14][2],                   ;
;                       ;                           ; regfile32x8:inst9|regfile[14][3], regfile32x8:inst9|regfile[14][4],                   ;
;                       ;                           ; regfile32x8:inst9|regfile[14][5], regfile32x8:inst9|regfile[14][6],                   ;
;                       ;                           ; regfile32x8:inst9|regfile[14][7], regfile32x8:inst9|regfile[13][0],                   ;
;                       ;                           ; regfile32x8:inst9|regfile[13][1], regfile32x8:inst9|regfile[13][2],                   ;
;                       ;                           ; regfile32x8:inst9|regfile[13][3], regfile32x8:inst9|regfile[13][4],                   ;
;                       ;                           ; regfile32x8:inst9|regfile[13][5], regfile32x8:inst9|regfile[13][6],                   ;
;                       ;                           ; regfile32x8:inst9|regfile[13][7], regfile32x8:inst9|regfile[12][0],                   ;
;                       ;                           ; regfile32x8:inst9|regfile[12][1], regfile32x8:inst9|regfile[12][2],                   ;
;                       ;                           ; regfile32x8:inst9|regfile[12][3], regfile32x8:inst9|regfile[12][4],                   ;
;                       ;                           ; regfile32x8:inst9|regfile[12][5], regfile32x8:inst9|regfile[12][6],                   ;
;                       ;                           ; regfile32x8:inst9|regfile[12][7], regfile32x8:inst9|regfile[11][0],                   ;
;                       ;                           ; regfile32x8:inst9|regfile[11][1], regfile32x8:inst9|regfile[11][2],                   ;
;                       ;                           ; regfile32x8:inst9|regfile[11][3], regfile32x8:inst9|regfile[11][4],                   ;
;                       ;                           ; regfile32x8:inst9|regfile[11][5], regfile32x8:inst9|regfile[11][6],                   ;
;                       ;                           ; regfile32x8:inst9|regfile[11][7], regfile32x8:inst9|regfile[10][0],                   ;
;                       ;                           ; regfile32x8:inst9|regfile[10][1], regfile32x8:inst9|regfile[10][2],                   ;
;                       ;                           ; regfile32x8:inst9|regfile[10][3], regfile32x8:inst9|regfile[10][4],                   ;
;                       ;                           ; regfile32x8:inst9|regfile[10][5], regfile32x8:inst9|regfile[10][6],                   ;
;                       ;                           ; regfile32x8:inst9|regfile[10][7], regfile32x8:inst9|regfile[9][0],                    ;
;                       ;                           ; regfile32x8:inst9|regfile[9][1], regfile32x8:inst9|regfile[9][2],                     ;
;                       ;                           ; regfile32x8:inst9|regfile[9][3], regfile32x8:inst9|regfile[9][4],                     ;
;                       ;                           ; regfile32x8:inst9|regfile[9][5], regfile32x8:inst9|regfile[9][6],                     ;
;                       ;                           ; regfile32x8:inst9|regfile[9][7], regfile32x8:inst9|regfile[8][0],                     ;
;                       ;                           ; regfile32x8:inst9|regfile[8][1], regfile32x8:inst9|regfile[8][2],                     ;
;                       ;                           ; regfile32x8:inst9|regfile[8][3], regfile32x8:inst9|regfile[8][4],                     ;
;                       ;                           ; regfile32x8:inst9|regfile[8][5], regfile32x8:inst9|regfile[8][6],                     ;
;                       ;                           ; regfile32x8:inst9|regfile[8][7], regfile32x8:inst9|regfile[7][0],                     ;
;                       ;                           ; regfile32x8:inst9|regfile[7][1], regfile32x8:inst9|regfile[7][2],                     ;
;                       ;                           ; regfile32x8:inst9|regfile[7][3], regfile32x8:inst9|regfile[7][4],                     ;
;                       ;                           ; regfile32x8:inst9|regfile[7][5], regfile32x8:inst9|regfile[7][6],                     ;
;                       ;                           ; regfile32x8:inst9|regfile[7][7], regfile32x8:inst9|regfile[6][0],                     ;
;                       ;                           ; regfile32x8:inst9|regfile[6][1], regfile32x8:inst9|regfile[6][2],                     ;
;                       ;                           ; regfile32x8:inst9|regfile[6][3], regfile32x8:inst9|regfile[6][4],                     ;
;                       ;                           ; regfile32x8:inst9|regfile[6][5], regfile32x8:inst9|regfile[6][6],                     ;
;                       ;                           ; regfile32x8:inst9|regfile[6][7], regfile32x8:inst9|regfile[5][0],                     ;
;                       ;                           ; regfile32x8:inst9|regfile[5][1], regfile32x8:inst9|regfile[5][2],                     ;
;                       ;                           ; regfile32x8:inst9|regfile[5][3], regfile32x8:inst9|regfile[5][4],                     ;
;                       ;                           ; regfile32x8:inst9|regfile[5][5], regfile32x8:inst9|regfile[5][6],                     ;
;                       ;                           ; regfile32x8:inst9|regfile[5][7], regfile32x8:inst9|regfile[4][0],                     ;
;                       ;                           ; regfile32x8:inst9|regfile[4][1], regfile32x8:inst9|regfile[4][2],                     ;
;                       ;                           ; regfile32x8:inst9|regfile[4][3], regfile32x8:inst9|regfile[4][4],                     ;
;                       ;                           ; regfile32x8:inst9|regfile[4][5], regfile32x8:inst9|regfile[4][6],                     ;
;                       ;                           ; regfile32x8:inst9|regfile[4][7], regfile32x8:inst9|regfile[3][0],                     ;
;                       ;                           ; regfile32x8:inst9|regfile[3][1], regfile32x8:inst9|regfile[3][2],                     ;
;                       ;                           ; regfile32x8:inst9|regfile[3][3], regfile32x8:inst9|regfile[3][4],                     ;
;                       ;                           ; regfile32x8:inst9|regfile[3][5], regfile32x8:inst9|regfile[3][6],                     ;
;                       ;                           ; regfile32x8:inst9|regfile[3][7], regfile32x8:inst9|regfile[2][0],                     ;
;                       ;                           ; regfile32x8:inst9|regfile[2][1], regfile32x8:inst9|regfile[2][2],                     ;
;                       ;                           ; regfile32x8:inst9|regfile[2][3], regfile32x8:inst9|regfile[2][4],                     ;
;                       ;                           ; regfile32x8:inst9|regfile[2][5], regfile32x8:inst9|regfile[2][6],                     ;
;                       ;                           ; regfile32x8:inst9|regfile[2][7], regfile32x8:inst9|regfile[1][0],                     ;
;                       ;                           ; regfile32x8:inst9|regfile[1][1], regfile32x8:inst9|regfile[1][2],                     ;
;                       ;                           ; regfile32x8:inst9|regfile[1][3], regfile32x8:inst9|regfile[1][4],                     ;
;                       ;                           ; regfile32x8:inst9|regfile[1][5], regfile32x8:inst9|regfile[1][6],                     ;
;                       ;                           ; regfile32x8:inst9|regfile[1][7], regfile32x8:inst9|regfile[0][0],                     ;
;                       ;                           ; regfile32x8:inst9|regfile[0][1], regfile32x8:inst9|regfile[0][2],                     ;
;                       ;                           ; regfile32x8:inst9|regfile[0][3], regfile32x8:inst9|regfile[0][4],                     ;
;                       ;                           ; regfile32x8:inst9|regfile[0][5], regfile32x8:inst9|regfile[0][6],                     ;
;                       ;                           ; regfile32x8:inst9|regfile[0][7]                                                       ;
; IF_ID:inst10|clkOut   ; Stuck at VCC              ; instructionDecode:inst8|writemem, instructionDecode:inst8|regwrite,                   ;
;                       ; due to stuck port data_in ; instructionDecode:inst8|rs[3], instructionDecode:inst8|rs[2],                         ;
;                       ;                           ; instructionDecode:inst8|rs[1], instructionDecode:inst8|rs[0],                         ;
;                       ;                           ; instructionDecode:inst8|rt[3], instructionDecode:inst8|rt[2],                         ;
;                       ;                           ; instructionDecode:inst8|rt[1], instructionDecode:inst8|rt[0],                         ;
;                       ;                           ; instructionDecode:inst8|rd[3], instructionDecode:inst8|rd[2],                         ;
;                       ;                           ; instructionDecode:inst8|rd[1], instructionDecode:inst8|rd[0],                         ;
;                       ;                           ; instructionDecode:inst8|outputPCResetFlag,                                            ;
;                       ;                           ; instructionDecode:inst8|labelPassFlagOut, instructionDecode:inst8|signFlag,           ;
;                       ;                           ; instructionDecode:inst8|immediateFlag, instructionDecode:inst8|branchFlag,            ;
;                       ;                           ; instructionDecode:inst8|labelFlag, instructionDecode:inst8|value[0],                  ;
;                       ;                           ; IF_ID:inst10|instructionOut[0], IF_ID:inst10|instructionOut[1],                       ;
;                       ;                           ; IF_ID:inst10|instructionOut[2], IF_ID:inst10|instructionOut[3],                       ;
;                       ;                           ; instructionDecode:inst8|value[1], instructionDecode:inst8|value[2],                   ;
;                       ;                           ; instructionDecode:inst8|value[3], instructionDecode:inst8|value[4],                   ;
;                       ;                           ; instructionDecode:inst8|value[5], instructionDecode:inst8|value[6],                   ;
;                       ;                           ; instructionDecode:inst8|value[7], instructionDecode:inst8|opcode[0],                  ;
;                       ;                           ; instructionDecode:inst8|opcode[1], instructionDecode:inst8|opcode[2],                 ;
;                       ;                           ; instructionDecode:inst8|opcode[3], regfile32x8:inst9|branchAddress[7],                ;
;                       ;                           ; regfile32x8:inst9|regB[0], regfile32x8:inst9|regB[1], regfile32x8:inst9|regB[2],      ;
;                       ;                           ; regfile32x8:inst9|regB[3], regfile32x8:inst9|regB[4], regfile32x8:inst9|regB[5],      ;
;                       ;                           ; regfile32x8:inst9|regB[6], regfile32x8:inst9|regB[7], regfile32x8:inst9|regA[0],      ;
;                       ;                           ; regfile32x8:inst9|regA[1], regfile32x8:inst9|regA[2], regfile32x8:inst9|regA[3],      ;
;                       ;                           ; regfile32x8:inst9|regA[4], regfile32x8:inst9|regA[5], regfile32x8:inst9|regA[6],      ;
;                       ;                           ; regfile32x8:inst9|regA[7], REG_ALU:inst11|regBOut[0], REG_ALU:inst11|regBOut[1],      ;
;                       ;                           ; REG_ALU:inst11|regBOut[2], REG_ALU:inst11|regBOut[3], REG_ALU:inst11|regBOut[4],      ;
;                       ;                           ; REG_ALU:inst11|regBOut[5], REG_ALU:inst11|regBOut[6], REG_ALU:inst11|regBOut[7],      ;
;                       ;                           ; REG_ALU:inst11|signFlagOut, REG_ALU:inst11|immediateFlagOut,                          ;
;                       ;                           ; REG_ALU:inst11|regAOut[0], REG_ALU:inst11|regAOut[1], REG_ALU:inst11|regAOut[2],      ;
;                       ;                           ; REG_ALU:inst11|regAOut[3], REG_ALU:inst11|regAOut[4], REG_ALU:inst11|regAOut[5],      ;
;                       ;                           ; REG_ALU:inst11|regAOut[6], REG_ALU:inst11|regAOut[7], REG_ALU:inst11|valueOut[0],     ;
;                       ;                           ; REG_ALU:inst11|valueOut[1], REG_ALU:inst11|valueOut[2], REG_ALU:inst11|valueOut[3],   ;
;                       ;                           ; REG_ALU:inst11|valueOut[4], REG_ALU:inst11|valueOut[5], REG_ALU:inst11|valueOut[6],   ;
;                       ;                           ; REG_ALU:inst11|valueOut[7], REG_ALU:inst11|opcodeOut[0], REG_ALU:inst11|opcodeOut[1], ;
;                       ;                           ; REG_ALU:inst11|opcodeOut[2], REG_ALU:inst11|opcodeOut[3]                              ;
; REG_ALU:inst11|clkOut ; Stuck at VCC              ; ALU_M:inst14|regBOut[0], ALU_M:inst14|regBOut[1], ALU_M:inst14|regBOut[2],            ;
;                       ; due to stuck port data_in ; ALU_M:inst14|regBOut[7], ALU_M:inst14|regAOut[0], ALU_M:inst14|regAOut[1],            ;
;                       ;                           ; ALU_M:inst14|regAOut[2], ALU_M:inst14|regAOut[3], ALU_M:inst14|regAOut[4],            ;
;                       ;                           ; ALU_M:inst14|regAOut[5], ALU_M:inst14|regAOut[6], ALU_M:inst14|regAOut[7],            ;
;                       ;                           ; ALU_M:inst14|writeMemFlagOut, REG_ALU:inst11|writeMemFlagOut                          ;
+-----------------------+---------------------------+---------------------------------------------------------------------------------------+


+------------------------------------------------------+
; General Register Statistics                          ;
+----------------------------------------------+-------+
; Statistic                                    ; Value ;
+----------------------------------------------+-------+
; Total registers                              ; 32    ;
; Number of registers using Synchronous Clear  ; 0     ;
; Number of registers using Synchronous Load   ; 8     ;
; Number of registers using Asynchronous Clear ; 0     ;
; Number of registers using Asynchronous Load  ; 0     ;
; Number of registers using Clock Enable       ; 0     ;
; Number of registers using Preset             ; 0     ;
+----------------------------------------------+-------+


+-------------------------------------------------------------+
; Parameter Settings for User Entity Instance: testerROM:inst ;
+----------------+-------+------------------------------------+
; Parameter Name ; Value ; Type                               ;
+----------------+-------+------------------------------------+
; ADDR_WIDTH     ; 8     ; Signed Integer                     ;
+----------------+-------+------------------------------------+
Note: In order to hide this table in the UI and the text report file, please set the "Show Parameter Settings in Synthesis Report" option in "Analysis and Synthesis Settings -> More Settings" to "Off".


+---------------------------------------------------------+
; Parameter Settings for User Entity Instance: BUSMUX:bm3 ;
+----------------+-------+--------------------------------+
; Parameter Name ; Value ; Type                           ;
+----------------+-------+--------------------------------+
; WIDTH          ; 8     ; Untyped                        ;
+----------------+-------+--------------------------------+
Note: In order to hide this table in the UI and the text report file, please set the "Show Parameter Settings in Synthesis Report" option in "Analysis and Synthesis Settings -> More Settings" to "Off".


+------------------------------------------------------------------------------+
; Parameter Settings for User Entity Instance: single_port_ram_with_init:inst5 ;
+----------------+-------+-----------------------------------------------------+
; Parameter Name ; Value ; Type                                                ;
+----------------+-------+-----------------------------------------------------+
; ADDR_WIDTH     ; 8     ; Signed Integer                                      ;
+----------------+-------+-----------------------------------------------------+
Note: In order to hide this table in the UI and the text report file, please set the "Show Parameter Settings in Synthesis Report" option in "Analysis and Synthesis Settings -> More Settings" to "Off".


+---------------------------------------------------------+
; Parameter Settings for User Entity Instance: BUSMUX:bm1 ;
+----------------+-------+--------------------------------+
; Parameter Name ; Value ; Type                           ;
+----------------+-------+--------------------------------+
; WIDTH          ; 8     ; Untyped                        ;
+----------------+-------+--------------------------------+
Note: In order to hide this table in the UI and the text report file, please set the "Show Parameter Settings in Synthesis Report" option in "Analysis and Synthesis Settings -> More Settings" to "Off".


+---------------------------------------------------------+
; Parameter Settings for User Entity Instance: BUSMUX:bm2 ;
+----------------+-------+--------------------------------+
; Parameter Name ; Value ; Type                           ;
+----------------+-------+--------------------------------+
; WIDTH          ; 8     ; Untyped                        ;
+----------------+-------+--------------------------------+
Note: In order to hide this table in the UI and the text report file, please set the "Show Parameter Settings in Synthesis Report" option in "Analysis and Synthesis Settings -> More Settings" to "Off".


+-----------------------------------------------------+
; Post-Synthesis Netlist Statistics for Top Partition ;
+-----------------------+-----------------------------+
; Type                  ; Count                       ;
+-----------------------+-----------------------------+
; boundary_port         ; 113                         ;
; cycloneiii_ff         ; 32                          ;
;     SLD               ; 8                           ;
;     plain             ; 24                          ;
; cycloneiii_lcell_comb ; 106                         ;
;     arith             ; 21                          ;
;         2 data inputs ; 20                          ;
;         3 data inputs ; 1                           ;
;     normal            ; 85                          ;
;         0 data inputs ; 1                           ;
;         1 data inputs ; 3                           ;
;         2 data inputs ; 1                           ;
;         3 data inputs ; 7                           ;
;         4 data inputs ; 73                          ;
;                       ;                             ;
; Max LUT depth         ; 4.00                        ;
; Average LUT depth     ; 2.52                        ;
+-----------------------+-----------------------------+


+-------------------------------+
; Elapsed Time Per Partition    ;
+----------------+--------------+
; Partition Name ; Elapsed Time ;
+----------------+--------------+
; Top            ; 00:00:01     ;
+----------------+--------------+


+-------------------------------+
; Analysis & Synthesis Messages ;
+-------------------------------+
Info: *******************************************************************
Info: Running Quartus II 64-Bit Analysis & Synthesis
    Info: Version 14.1.0 Build 186 12/03/2014 SJ Web Edition
    Info: Processing started: Thu Feb 26 22:58:11 2015
Info: Command: quartus_map --read_settings_files=on --write_settings_files=off CS141L -c CS141L
Info (11104): Parallel Compilation has detected 8 hyper-threaded processors. However, the extra hyper-threaded processors will not be used by default. Parallel Compilation will use 4 of the 4 physical processors detected instead.
Info (12021): Found 1 design units, including 1 entities, in source file regfile32x8.sv
    Info (12023): Found entity 1: regfile32x8
Info (12021): Found 1 design units, including 1 entities, in source file program_counter.sv
    Info (12023): Found entity 1: program_counter
Info (12021): Found 1 design units, including 1 entities, in source file cs141l.bdf
    Info (12023): Found entity 1: CS141L
Warning (10263): Verilog HDL Event Control warning at alu.sv(11): event expression contains "|" or "||"
Info (12021): Found 1 design units, including 1 entities, in source file alu.sv
    Info (12023): Found entity 1: alu
Info (12021): Found 1 design units, including 1 entities, in source file testmodule.sv
    Info (12023): Found entity 1: testbench
Info (12021): Found 1 design units, including 1 entities, in source file instructionrom.sv
    Info (12023): Found entity 1: instructionROM
Info (12021): Found 1 design units, including 1 entities, in source file testpc.sv
    Info (12023): Found entity 1: testPC
Info (12021): Found 1 design units, including 1 entities, in source file program_counter_logic.sv
    Info (12023): Found entity 1: program_counter_logic
Info (12021): Found 1 design units, including 1 entities, in source file cs141ldup.bdf
    Info (12023): Found entity 1: CS141Ldup
Info (12021): Found 1 design units, including 1 entities, in source file testmoduledup.sv
    Info (12023): Found entity 1: testbenchdup
Info (12021): Found 1 design units, including 1 entities, in source file untamperedcs141l.bdf
    Info (12023): Found entity 1: UNTAMPEREDCS141L
Info (12021): Found 1 design units, including 1 entities, in source file untampered2cs141l.bdf
    Info (12023): Found entity 1: UNTAMPERED2CS141L
Info (12021): Found 1 design units, including 1 entities, in source file alutest.bdf
    Info (12023): Found entity 1: aluTest
Warning (10229): Verilog HDL Expression warning at testerROM.sv(34): truncated literal to match 8 bits
Info (12021): Found 1 design units, including 1 entities, in source file testerrom.sv
    Info (12023): Found entity 1: testerROM
Info (12021): Found 1 design units, including 1 entities, in source file instructiondecode.sv
    Info (12023): Found entity 1: instructionDecode
Info (12021): Found 1 design units, including 1 entities, in source file datamem.v
    Info (12023): Found entity 1: sin
Info (12021): Found 1 design units, including 1 entities, in source file single_port_ram_with_init.v
    Info (12023): Found entity 1: single_port_ram_with_init
Info (12021): Found 0 design units, including 0 entities, in source file pipeline0.sv
Info (12021): Found 1 design units, including 1 entities, in source file if_id.sv
    Info (12023): Found entity 1: IF_ID
Info (12021): Found 1 design units, including 1 entities, in source file id_reg.sv
    Info (12023): Found entity 1: ID_REG
Info (12021): Found 1 design units, including 1 entities, in source file m_wb.sv
    Info (12023): Found entity 1: M_WB
Info (12021): Found 1 design units, including 1 entities, in source file reg_alu.sv
    Info (12023): Found entity 1: REG_ALU
Info (12021): Found 1 design units, including 1 entities, in source file alu_m.sv
    Info (12023): Found entity 1: ALU_M
Warning (10236): Verilog HDL Implicit Net warning at testmodule.sv(62): created implicit net for "SYNTHESIZED_WIRE_26"
Warning (10236): Verilog HDL Implicit Net warning at testmodule.sv(63): created implicit net for "SYNTHESIZED_WIRE_1"
Warning (10236): Verilog HDL Implicit Net warning at testmodule.sv(64): created implicit net for "SYNTHESIZED_WIRE_2"
Warning (10236): Verilog HDL Implicit Net warning at testmodule.sv(65): created implicit net for "SYNTHESIZED_WIRE_16"
Warning (10236): Verilog HDL Implicit Net warning at testmodule.sv(69): created implicit net for "SYNTHESIZED_WIRE_3"
Warning (10236): Verilog HDL Implicit Net warning at testmodule.sv(70): created implicit net for "SYNTHESIZED_WIRE_4"
Warning (10236): Verilog HDL Implicit Net warning at testmodule.sv(71): created implicit net for "SYNTHESIZED_WIRE_5"
Warning (10236): Verilog HDL Implicit Net warning at testmodule.sv(72): created implicit net for "SYNTHESIZED_WIRE_10"
Warning (10236): Verilog HDL Implicit Net warning at testmodule.sv(76): created implicit net for "SYNTHESIZED_WIRE_27"
Warning (10236): Verilog HDL Implicit Net warning at testmodule.sv(77): created implicit net for "SYNTHESIZED_WIRE_22"
Warning (10236): Verilog HDL Implicit Net warning at testmodule.sv(80): created implicit net for "SYNTHESIZED_WIRE_8"
Warning (10236): Verilog HDL Implicit Net warning at testmodule.sv(81): created implicit net for "SYNTHESIZED_WIRE_7"
Warning (10236): Verilog HDL Implicit Net warning at testmodule.sv(82): created implicit net for "instruction"
Warning (10236): Verilog HDL Implicit Net warning at testmodule.sv(84): created implicit net for "SYNTHESIZED_WIRE_11"
Warning (10236): Verilog HDL Implicit Net warning at testmodule.sv(85): created implicit net for "SYNTHESIZED_WIRE_18"
Warning (10236): Verilog HDL Implicit Net warning at testmodule.sv(86): created implicit net for "SYNTHESIZED_WIRE_19"
Warning (10236): Verilog HDL Implicit Net warning at testmodule.sv(87): created implicit net for "SYNTHESIZED_WIRE_20"
Warning (10236): Verilog HDL Implicit Net warning at testmodule.sv(95): created implicit net for "SYNTHESIZED_WIRE_28"
Warning (10236): Verilog HDL Implicit Net warning at testmodule.sv(100): created implicit net for "SYNTHESIZED_WIRE_9"
Warning (10236): Verilog HDL Implicit Net warning at testmodule.sv(103): created implicit net for "SYNTHESIZED_WIRE_15"
Warning (10236): Verilog HDL Implicit Net warning at testmodule.sv(104): created implicit net for "SYNTHESIZED_WIRE_23"
Warning (10236): Verilog HDL Implicit Net warning at testmodule.sv(105): created implicit net for "SYNTHESIZED_WIRE_17"
Warning (10236): Verilog HDL Implicit Net warning at testmodule.sv(119): created implicit net for "SYNTHESIZED_WIRE_25"
Warning (10236): Verilog HDL Implicit Net warning at testmoduledup.sv(88): created implicit net for "ovfl"
Warning (10236): Verilog HDL Implicit Net warning at testmoduledup.sv(89): created implicit net for "ltfl"
Warning (10236): Verilog HDL Implicit Net warning at testmoduledup.sv(90): created implicit net for "SYNTHESIZED_WIRE_7"
Warning (10236): Verilog HDL Implicit Net warning at testmoduledup.sv(91): created implicit net for "res"
Warning (10222): Verilog HDL Parameter Declaration warning at testerROM.sv(36): Parameter Declaration in module "testerROM" behaves as a Local Parameter Declaration because the module has a Module Parameter Port List
Warning (10222): Verilog HDL Parameter Declaration warning at testerROM.sv(54): Parameter Declaration in module "testerROM" behaves as a Local Parameter Declaration because the module has a Module Parameter Port List
Warning (10222): Verilog HDL Parameter Declaration warning at testerROM.sv(72): Parameter Declaration in module "testerROM" behaves as a Local Parameter Declaration because the module has a Module Parameter Port List
Warning (10222): Verilog HDL Parameter Declaration warning at testerROM.sv(75): Parameter Declaration in module "testerROM" behaves as a Local Parameter Declaration because the module has a Module Parameter Port List
Info (12127): Elaborating entity "CS141L" for the top level hierarchy
Info (12128): Elaborating entity "21mux" for hierarchy "21mux:inst27"
Info (12130): Elaborated megafunction instantiation "21mux:inst27"
Info (12128): Elaborating entity "instructionDecode" for hierarchy "instructionDecode:inst8"
Warning (10230): Verilog HDL assignment warning at instructionDecode.sv(82): truncated value with size 8 to match size of target (4)
Warning (10030): Net "str.rd" at instructionDecode.sv(348) has no driver or initial value, using a default initial value '0'
Info (12128): Elaborating entity "IF_ID" for hierarchy "IF_ID:inst10"
Info (12128): Elaborating entity "testerROM" for hierarchy "testerROM:inst"
Warning (10030): Net "rom.data_a" at testerROM.sv(14) has no driver or initial value, using a default initial value '0'
Warning (10030): Net "rom.waddr_a" at testerROM.sv(14) has no driver or initial value, using a default initial value '0'
Warning (10030): Net "rom.we_a" at testerROM.sv(14) has no driver or initial value, using a default initial value '0'
Info (12128): Elaborating entity "program_counter_logic" for hierarchy "program_counter_logic:inst2"
Warning (10230): Verilog HDL assignment warning at program_counter_logic.sv(40): truncated value with size 32 to match size of target (8)
Warning (10230): Verilog HDL assignment warning at program_counter_logic.sv(43): truncated value with size 32 to match size of target (16)
Info (12128): Elaborating entity "alu" for hierarchy "alu:hjkkasdf"
Warning (10776): Verilog HDL warning at alu.sv(49): variable overflow in static task or function add may have unintended latch behavior
Warning (10776): Verilog HDL warning at alu.sv(100): variable lessThanFlag in static task or function lessThan may have unintended latch behavior
Warning (10270): Verilog HDL Case Statement warning at alu.sv(17): incomplete case statement has no default case item
Warning (10240): Verilog HDL Always Construct warning at alu.sv(11): inferring latch(es) for variable "result", which holds its previous value in one or more paths through the always construct
Warning (10240): Verilog HDL Always Construct warning at alu.sv(11): inferring latch(es) for variable "overflow", which holds its previous value in one or more paths through the always construct
Warning (10030): Net "add.result[7]" at alu.sv(49) has no driver or initial value, using a default initial value '0'
Warning (10030): Net "add.overflow" at alu.sv(49) has no driver or initial value, using a default initial value '0'
Warning (10030): Net "lessThan.lessThanFlag" at alu.sv(100) has no driver or initial value, using a default initial value '0'
Info (10041): Inferred latch for "overflow[0]" at alu.sv(11)
Info (10041): Inferred latch for "overflow[1]" at alu.sv(11)
Info (10041): Inferred latch for "overflow[2]" at alu.sv(11)
Info (10041): Inferred latch for "overflow[3]" at alu.sv(11)
Info (10041): Inferred latch for "overflow[4]" at alu.sv(11)
Info (10041): Inferred latch for "overflow[5]" at alu.sv(11)
Info (10041): Inferred latch for "overflow[6]" at alu.sv(11)
Info (10041): Inferred latch for "overflow[7]" at alu.sv(11)
Info (10041): Inferred latch for "result[0]" at alu.sv(11)
Info (10041): Inferred latch for "result[1]" at alu.sv(11)
Info (10041): Inferred latch for "result[2]" at alu.sv(11)
Info (10041): Inferred latch for "result[3]" at alu.sv(11)
Info (10041): Inferred latch for "result[4]" at alu.sv(11)
Info (10041): Inferred latch for "result[5]" at alu.sv(11)
Info (10041): Inferred latch for "result[6]" at alu.sv(11)
Info (10041): Inferred latch for "result[7]" at alu.sv(11)
Info (12128): Elaborating entity "REG_ALU" for hierarchy "REG_ALU:inst11"
Info (12128): Elaborating entity "regfile32x8" for hierarchy "regfile32x8:inst9"
Info (12128): Elaborating entity "BUSMUX" for hierarchy "BUSMUX:bm3"
Info (12130): Elaborated megafunction instantiation "BUSMUX:bm3"
Info (12133): Instantiated megafunction "BUSMUX:bm3" with the following parameter:
    Info (12134): Parameter "WIDTH" = "8"
Info (12128): Elaborating entity "lpm_mux" for hierarchy "BUSMUX:bm3|lpm_mux:$00000"
Info (12131): Elaborated megafunction instantiation "BUSMUX:bm3|lpm_mux:$00000", which is child of megafunction instantiation "BUSMUX:bm3"
Info (12021): Found 1 design units, including 1 entities, in source file db/mux_erc.tdf
    Info (12023): Found entity 1: mux_erc
Info (12128): Elaborating entity "mux_erc" for hierarchy "BUSMUX:bm3|lpm_mux:$00000|mux_erc:auto_generated"
Info (12128): Elaborating entity "M_WB" for hierarchy "M_WB:inst1"
Info (12128): Elaborating entity "ALU_M" for hierarchy "ALU_M:inst14"
Info (12128): Elaborating entity "single_port_ram_with_init" for hierarchy "single_port_ram_with_init:inst5"
Info (276014): Found 1 instances of uninferred RAM logic
    Info (276007): RAM logic "single_port_ram_with_init:inst5|ram" is uninferred due to asynchronous read logic
Warning (127007): Memory Initialization File or Hexadecimal (Intel-Format) File "C:/Users/Minh/Documents/GitHub/CS141L/Project 4A/db/CS141L.ram0_testerROM_61eacb6.hdl.mif" contains "don't care" values -- overwriting them with 0s
Warning (127007): Memory Initialization File or Hexadecimal (Intel-Format) File "C:/Users/Minh/Documents/GitHub/CS141L/Project 4A/db/CS141L.ram0_single_port_ram_with_init_8f510eeb.hdl.mif" contains "don't care" values -- overwriting them with 0s
Warning (13024): Output pins are stuck at VCC or GND
    Warning (13410): Pin "halt_out" is stuck at GND
    Warning (13410): Pin "outPCResetFlag" is stuck at GND
    Warning (13410): Pin "clkOutEnd" is stuck at GND
    Warning (13410): Pin "addr[7]" is stuck at GND
    Warning (13410): Pin "addr[6]" is stuck at GND
    Warning (13410): Pin "addr[5]" is stuck at GND
    Warning (13410): Pin "addr[4]" is stuck at GND
    Warning (13410): Pin "addr[3]" is stuck at GND
    Warning (13410): Pin "addr[2]" is stuck at GND
    Warning (13410): Pin "addr[1]" is stuck at GND
    Warning (13410): Pin "addr[0]" is stuck at GND
    Warning (13410): Pin "aluIn0[7]" is stuck at GND
    Warning (13410): Pin "aluIn0[6]" is stuck at GND
    Warning (13410): Pin "aluIn0[5]" is stuck at GND
    Warning (13410): Pin "aluIn0[4]" is stuck at GND
    Warning (13410): Pin "aluIn0[3]" is stuck at GND
    Warning (13410): Pin "aluIn0[2]" is stuck at GND
    Warning (13410): Pin "aluIn0[1]" is stuck at GND
    Warning (13410): Pin "aluIn0[0]" is stuck at GND
    Warning (13410): Pin "aluIn1[7]" is stuck at GND
    Warning (13410): Pin "aluIn1[6]" is stuck at GND
    Warning (13410): Pin "aluIn1[5]" is stuck at GND
    Warning (13410): Pin "aluIn1[4]" is stuck at GND
    Warning (13410): Pin "aluIn1[3]" is stuck at GND
    Warning (13410): Pin "aluIn1[2]" is stuck at GND
    Warning (13410): Pin "aluIn1[1]" is stuck at GND
    Warning (13410): Pin "aluIn1[0]" is stuck at GND
    Warning (13410): Pin "aluRes[7]" is stuck at GND
    Warning (13410): Pin "aluRes[6]" is stuck at GND
    Warning (13410): Pin "aluRes[5]" is stuck at GND
    Warning (13410): Pin "aluRes[4]" is stuck at GND
    Warning (13410): Pin "aluRes[3]" is stuck at GND
    Warning (13410): Pin "aluRes[2]" is stuck at GND
    Warning (13410): Pin "aluRes[1]" is stuck at GND
    Warning (13410): Pin "aluRes[0]" is stuck at GND
    Warning (13410): Pin "data[7]" is stuck at GND
    Warning (13410): Pin "data[6]" is stuck at GND
    Warning (13410): Pin "data[5]" is stuck at GND
    Warning (13410): Pin "data[4]" is stuck at GND
    Warning (13410): Pin "data[3]" is stuck at GND
    Warning (13410): Pin "data[2]" is stuck at GND
    Warning (13410): Pin "data[1]" is stuck at GND
    Warning (13410): Pin "data[0]" is stuck at GND
    Warning (13410): Pin "id_rs[3]" is stuck at GND
    Warning (13410): Pin "id_rs[2]" is stuck at GND
    Warning (13410): Pin "id_rs[1]" is stuck at GND
    Warning (13410): Pin "id_rs[0]" is stuck at GND
    Warning (13410): Pin "opcode_out[3]" is stuck at GND
    Warning (13410): Pin "opcode_out[2]" is stuck at GND
    Warning (13410): Pin "opcode_out[1]" is stuck at GND
    Warning (13410): Pin "opcode_out[0]" is stuck at GND
    Warning (13410): Pin "ramOut[7]" is stuck at GND
    Warning (13410): Pin "ramOut[6]" is stuck at GND
    Warning (13410): Pin "ramOut[5]" is stuck at GND
    Warning (13410): Pin "ramOut[4]" is stuck at GND
    Warning (13410): Pin "ramOut[3]" is stuck at GND
    Warning (13410): Pin "ramOut[2]" is stuck at GND
    Warning (13410): Pin "ramOut[1]" is stuck at GND
    Warning (13410): Pin "ramOut[0]" is stuck at GND
    Warning (13410): Pin "val[7]" is stuck at GND
    Warning (13410): Pin "val[6]" is stuck at GND
    Warning (13410): Pin "val[5]" is stuck at GND
    Warning (13410): Pin "val[4]" is stuck at GND
    Warning (13410): Pin "val[3]" is stuck at GND
    Warning (13410): Pin "val[2]" is stuck at GND
    Warning (13410): Pin "val[1]" is stuck at GND
    Warning (13410): Pin "val[0]" is stuck at GND
Info (17049): 55 registers lost all their fanouts during netlist optimizations.
Info (16010): Generating hard_block partition "hard_block:auto_generated_inst"
    Info (16011): Adding 0 node(s), including 0 DDIO, 0 PLL, 0 transceiver and 0 LCELL
Warning (21074): Design contains 1 input pin(s) that do not drive logic
    Warning (15610): No output dependent on input pin "zero"
Info (21057): Implemented 226 device resources after synthesis - the final resource count might be different
    Info (21058): Implemented 12 input pins
    Info (21059): Implemented 101 output pins
    Info (21061): Implemented 113 logic cells
Info: Quartus II 64-Bit Analysis & Synthesis was successful. 0 errors, 120 warnings
    Info: Peak virtual memory: 608 megabytes
    Info: Processing ended: Thu Feb 26 22:58:28 2015
    Info: Elapsed time: 00:00:17
    Info: Total CPU time (on all processors): 00:00:38


